
27/08/2018 07:54:24 AM - "=====validate==="
27/08/2018 07:54:24 AM - "null"
27/08/2018 07:54:52 AM - "=====validate==="
27/08/2018 07:54:52 AM - "null"
27/08/2018 07:55:40 AM - "=====validate==="
27/08/2018 07:55:40 AM - "null"
27/08/2018 07:56:46 AM - "=====validate==="
27/08/2018 07:56:46 AM - "null"
27/08/2018 08:00:04 AM - "=====validate==="
27/08/2018 08:00:04 AM - "null"
27/08/2018 08:01:55 AM - "=====validate==="
27/08/2018 08:01:55 AM - "null"
27/08/2018 08:05:23 AM - "=====validate==="
27/08/2018 08:05:23 AM - "null"
27/08/2018 08:07:15 AM - "=====validate==="
27/08/2018 08:07:15 AM - "null"
27/08/2018 08:29:25 AM - "=====validate==="
27/08/2018 08:29:25 AM - "null"
28/08/2018 12:40:37 AM - "=====validate==="
28/08/2018 12:40:37 AM - "null"
28/08/2018 12:41:26 AM - "=====validate==="
28/08/2018 12:41:26 AM - "null"
28/08/2018 12:41:33 AM - "=====validate==="
28/08/2018 12:41:33 AM - "null"
28/08/2018 12:51:14 AM - "=====validate==="
28/08/2018 12:51:14 AM - "null"
28/08/2018 01:29:08 AM - "=====validate==="
28/08/2018 01:29:08 AM - "null"
31/08/2018 05:22:01 AM - "=====validate==="
31/08/2018 05:22:01 AM - "null"
31/08/2018 05:23:59 AM - "=====validate==="
31/08/2018 05:23:59 AM - "{\"error\":\"error_auth\"}"
05/09/2018 05:13:56 AM - "CedShopeeOrder::fetchOrder"
05/09/2018 07:57:47 AM - "CedShopeeOrder::fetchOrder"
05/09/2018 07:59:39 AM - "CedShopeeOrder::fetchOrder"
05/09/2018 08:28:21 AM - "CedShopeeOrder::fetchOrder"
05/09/2018 08:29:35 AM - "AdminCedShopeeOrderController::processBulkAcknowledge"
06/09/2018 07:58:37 AM - "CedShopeeOrder::fetchOrder"
06/09/2018 08:08:07 AM - "CedShopeeOrder::fetchOrder"
07/09/2018 02:07:01 AM - "AdminCedShopeeOrderController::processBulkAccept"